<?xml version="1.0" encoding="UTF-8"?>
<!-- Generated by org.testng.reporters.JUnitReportReporter -->
<testsuite hostname="LAPTOP-M5R7BE59" failures="0" tests="1" name="cucumber.TestNGTestRunner" time="15.783" errors="0" timestamp="2025-06-12T22:58:08 ICT" skipped="0">
  <testcase classname="cucumber.TestNGTestRunner" name="runScenario" time="15.783"/>
</testsuite> <!-- cucumber.TestNGTestRunner -->
