<?xml version="1.0" encoding="UTF-8"?>
<!-- Generated by org.testng.reporters.JUnitReportReporter -->
<testsuite hostname="LAPTOP-M5R7BE59" failures="0" tests="2" name="datnd.tests.ErrorValidationsTest" time="52.052" errors="0" timestamp="2025-05-27T21:51:02 ICT" skipped="0">
  <testcase classname="datnd.tests.ErrorValidationsTest" name="ProductErrorValidation" time="26.257"/>
  <testcase classname="datnd.tests.ErrorValidationsTest" name="LoginErrorValidation" time="25.795"/>
</testsuite> <!-- datnd.tests.ErrorValidationsTest -->
